2021-10-18 19:52:37.633  INFO 13560 --- [restartedMain] c.a.p.a.a.PhotoAppApiAlbumsApplication   : No active profile set, falling back to default profiles: default
2021-10-18 19:52:40.181  WARN 13560 --- [restartedMain] o.s.boot.actuate.endpoint.EndpointId     : Endpoint ID 'service-registry' contains invalid characters, please migrate to a valid format.
2021-10-18 19:52:42.231  INFO 13560 --- [restartedMain] o.s.cloud.context.scope.GenericScope     : BeanFactory id=fce5687c-8caa-3de7-86f9-d6b89e9c58f8
2021-10-18 19:52:42.746  INFO 13560 --- [restartedMain] trationDelegate$BeanPostProcessorChecker : Bean 'org.springframework.cloud.autoconfigure.ConfigurationPropertiesRebinderAutoConfiguration' of type [org.springframework.cloud.autoconfigure.ConfigurationPropertiesRebinderAutoConfiguration$$EnhancerBySpringCGLIB$$f9d5a913] is not eligible for getting processed by all BeanPostProcessors (for example: not eligible for auto-proxying)
2021-10-18 19:52:48.783  INFO 13560 --- [restartedMain] o.s.b.w.embedded.tomcat.TomcatWebServer  : Tomcat initialized with port(s): 0 (http)
2021-10-18 19:52:48.892  INFO 13560 --- [restartedMain] o.apache.catalina.core.StandardService   : Starting service [Tomcat]
2021-10-18 19:52:48.894  INFO 13560 --- [restartedMain] org.apache.catalina.core.StandardEngine  : Starting Servlet engine: [Apache Tomcat/9.0.14]
2021-10-18 19:52:48.917  INFO 13560 --- [restartedMain] o.a.catalina.core.AprLifecycleListener   : The APR based Apache Tomcat Native library which allows optimal performance in production environments was not found on the java.library.path: [C:\Program Files\Java\jdk-11.0.5\bin;C:\WINDOWS\Sun\Java\bin;C:\WINDOWS\system32;C:\WINDOWS;C:\Program Files\NVIDIA GPU Computing Toolkit\CUDA\v9.0\lib\x64;C:\Program Files\Python36\Scripts\;C:\Program Files\Python36\;C:\Windows\system32;C:\Windows;C:\Windows\System32\Wbem;C:\Windows\System32\WindowsPowerShell\v1.0\;C:\Windows\System32\OpenSSH\;C:\Program Files (x86)\NVIDIA Corporation\PhysX\Common;C:\Program Files\Java\jdk-11.0.5\bin;C:\Program Files\Git\cmd;C:\WINDOWS\system32;C:\WINDOWS;C:\WINDOWS\System32\Wbem;C:\WINDOWS\System32\WindowsPowerShell\v1.0\;C:\WINDOWS\System32\OpenSSH\;C:\Program Files (x86)\Microsoft SQL Server\90\Tools\binn\;C:\cuda\bin;C:\Program Files\NVIDIA GPU Computing Toolkit\CUDA\v9.0\include;C:\Program Files\NVIDIA GPU Computing Toolkit\CUDA\v9.0\extras\CUPTI\libx64;C:\WINDOWS\system32;C:\WINDOWS;C:\WINDOWS\System32\Wbem;C:\WINDOWS\System32\WindowsPowerShell\v1.0\;C:\WINDOWS\System32\OpenSSH\;C:\Program Files\apache-maven-3.6.3\bin;C:\Program Files\Java\jdk-11.0.5\bin;C:\Program Files\nodejs\;C:\Program Files\erl-24.1\bin;C:\Program Files\RabbitMQ Server\rabbitmq_server-3.9.7\sbin;C:\Program Files\MySQL\MySQL Shell 8.0\bin\;C:\Ruby27-x64\bin;C:\Users\OS10\AppData\Local\Microsoft\WindowsApps;C:\Users\OS10\AppData\Local\Programs\Microsoft VS Code\bin;C:\Program Files\heroku\bin;C:\Users\OS10\AppData\Roaming\npm;C:\Program Files\JetBrains\IntelliJ IDEA 2021.1\bin;;C:\Program Files\liquibase;.]
2021-10-18 19:52:50.679  INFO 13560 --- [restartedMain] o.a.c.c.C.[Tomcat].[localhost].[/]       : Initializing Spring embedded WebApplicationContext
2021-10-18 19:52:50.684  INFO 13560 --- [restartedMain] o.s.web.context.ContextLoader            : Root WebApplicationContext: initialization completed in 12994 ms
2021-10-18 19:52:51.033  WARN 13560 --- [restartedMain] c.n.c.sources.URLConfigurationSource     : No URLs will be polled as dynamic configuration sources.
2021-10-18 19:52:51.034  INFO 13560 --- [restartedMain] c.n.c.sources.URLConfigurationSource     : To enable URLs as dynamic configuration sources, define System property archaius.configurationSource.additionalUrls or make config.properties available on classpath.
2021-10-18 19:52:51.056  INFO 13560 --- [restartedMain] c.netflix.config.DynamicPropertyFactory  : DynamicPropertyFactory is initialized with configuration sources: com.netflix.config.ConcurrentCompositeConfiguration@4b3676d3
2021-10-18 19:52:56.113  WARN 13560 --- [restartedMain] c.n.c.sources.URLConfigurationSource     : No URLs will be polled as dynamic configuration sources.
2021-10-18 19:52:56.114  INFO 13560 --- [restartedMain] c.n.c.sources.URLConfigurationSource     : To enable URLs as dynamic configuration sources, define System property archaius.configurationSource.additionalUrls or make config.properties available on classpath.
2021-10-18 19:52:56.896  INFO 13560 --- [restartedMain] o.s.s.concurrent.ThreadPoolTaskExecutor  : Initializing ExecutorService 'applicationTaskExecutor'
2021-10-18 19:52:57.779  INFO 13560 --- [restartedMain] o.s.b.d.a.OptionalLiveReloadServer       : LiveReload server is running on port 35729
2021-10-18 19:52:58.791  INFO 13560 --- [restartedMain] o.s.b.a.e.web.EndpointLinksResolver      : Exposing 2 endpoint(s) beneath base path '/actuator'
2021-10-18 19:52:59.001  INFO 13560 --- [restartedMain] o.s.b.w.embedded.tomcat.TomcatWebServer  : Tomcat started on port(s): 8781 (http) with context path ''
2021-10-18 19:52:59.003  INFO 13560 --- [restartedMain] .s.c.n.e.s.EurekaAutoServiceRegistration : Updating port to 8781
2021-10-18 19:52:59.012  INFO 13560 --- [restartedMain] o.s.c.n.eureka.InstanceInfoFactory       : Setting initial instance status as: STARTING
2021-10-18 19:52:59.062  INFO 13560 --- [restartedMain] com.netflix.discovery.DiscoveryClient    : Initializing Eureka in region us-east-1
2021-10-18 19:52:59.327  INFO 13560 --- [restartedMain] c.n.d.provider.DiscoveryJerseyProvider   : Using JSON encoding codec LegacyJacksonJson
2021-10-18 19:52:59.328  INFO 13560 --- [restartedMain] c.n.d.provider.DiscoveryJerseyProvider   : Using JSON decoding codec LegacyJacksonJson
2021-10-18 19:52:59.522  INFO 13560 --- [restartedMain] c.n.d.provider.DiscoveryJerseyProvider   : Using XML encoding codec XStreamXml
2021-10-18 19:52:59.523  INFO 13560 --- [restartedMain] c.n.d.provider.DiscoveryJerseyProvider   : Using XML decoding codec XStreamXml
2021-10-18 19:52:59.752  INFO 13560 --- [restartedMain] c.n.d.s.r.aws.ConfigClusterResolver      : Resolving eureka endpoints via configuration
2021-10-18 19:53:00.212  INFO 13560 --- [restartedMain] com.netflix.discovery.DiscoveryClient    : Disable delta property : false
2021-10-18 19:53:00.212  INFO 13560 --- [restartedMain] com.netflix.discovery.DiscoveryClient    : Single vip registry refresh property : null
2021-10-18 19:53:00.212  INFO 13560 --- [restartedMain] com.netflix.discovery.DiscoveryClient    : Force full registry fetch : false
2021-10-18 19:53:00.212  INFO 13560 --- [restartedMain] com.netflix.discovery.DiscoveryClient    : Application is null : false
2021-10-18 19:53:00.212  INFO 13560 --- [restartedMain] com.netflix.discovery.DiscoveryClient    : Registered Applications size is zero : true
2021-10-18 19:53:00.213  INFO 13560 --- [restartedMain] com.netflix.discovery.DiscoveryClient    : Application version is -1: true
2021-10-18 19:53:00.213  INFO 13560 --- [restartedMain] com.netflix.discovery.DiscoveryClient    : Getting all instance registry info from the eureka server
2021-10-18 19:53:00.554  INFO 13560 --- [restartedMain] com.netflix.discovery.DiscoveryClient    : The response status is 200
2021-10-18 19:53:00.557  INFO 13560 --- [restartedMain] com.netflix.discovery.DiscoveryClient    : Starting heartbeat executor: renew interval is: 30
2021-10-18 19:53:00.563  INFO 13560 --- [restartedMain] c.n.discovery.InstanceInfoReplicator     : InstanceInfoReplicator onDemand update allowed rate per min is 4
2021-10-18 19:53:00.570  INFO 13560 --- [restartedMain] com.netflix.discovery.DiscoveryClient    : Discovery Client initialized at timestamp 1634561580568 with initial instances count: 0
2021-10-18 19:53:00.573  INFO 13560 --- [restartedMain] o.s.c.n.e.s.EurekaServiceRegistry        : Registering application ALBUMS-WS with eureka with status UP
2021-10-18 19:53:00.575  INFO 13560 --- [restartedMain] com.netflix.discovery.DiscoveryClient    : Saw local status change event StatusChangeEvent [timestamp=1634561580575, current=UP, previous=STARTING]
2021-10-18 19:53:00.579  INFO 13560 --- [DiscoveryClient-InstanceInfoReplicator-0] com.netflix.discovery.DiscoveryClient    : DiscoveryClient_ALBUMS-WS/albums-ws:f8a605fd13563fda19b374c5e7a554cf: registering service...
2021-10-18 19:53:00.586  INFO 13560 --- [restartedMain] c.a.p.a.a.PhotoAppApiAlbumsApplication   : Started PhotoAppApiAlbumsApplication in 31.479 seconds (JVM running for 36.382)
2021-10-18 19:53:00.732  INFO 13560 --- [DiscoveryClient-InstanceInfoReplicator-0] com.netflix.discovery.DiscoveryClient    : DiscoveryClient_ALBUMS-WS/albums-ws:f8a605fd13563fda19b374c5e7a554cf - registration status: 204
2021-10-18 19:53:00.981  INFO 13560 --- [RMI TCP Connection(7)-192.168.1.3] o.a.c.c.C.[Tomcat].[localhost].[/]       : Initializing Spring DispatcherServlet 'dispatcherServlet'
2021-10-18 19:53:00.982  INFO 13560 --- [RMI TCP Connection(7)-192.168.1.3] o.s.web.servlet.DispatcherServlet        : Initializing Servlet 'dispatcherServlet'
2021-10-18 19:53:00.997  INFO 13560 --- [RMI TCP Connection(7)-192.168.1.3] o.s.web.servlet.DispatcherServlet        : Completed initialization in 15 ms
2021-10-18 19:53:30.568  INFO 13560 --- [DiscoveryClient-CacheRefreshExecutor-0] com.netflix.discovery.DiscoveryClient    : Disable delta property : false
2021-10-18 19:53:30.568  INFO 13560 --- [DiscoveryClient-CacheRefreshExecutor-0] com.netflix.discovery.DiscoveryClient    : Single vip registry refresh property : null
2021-10-18 19:53:30.568  INFO 13560 --- [DiscoveryClient-CacheRefreshExecutor-0] com.netflix.discovery.DiscoveryClient    : Force full registry fetch : false
2021-10-18 19:53:30.568  INFO 13560 --- [DiscoveryClient-CacheRefreshExecutor-0] com.netflix.discovery.DiscoveryClient    : Application is null : false
2021-10-18 19:53:30.568  INFO 13560 --- [DiscoveryClient-CacheRefreshExecutor-0] com.netflix.discovery.DiscoveryClient    : Registered Applications size is zero : true
2021-10-18 19:53:30.569  INFO 13560 --- [DiscoveryClient-CacheRefreshExecutor-0] com.netflix.discovery.DiscoveryClient    : Application version is -1: false
2021-10-18 19:53:30.569  INFO 13560 --- [DiscoveryClient-CacheRefreshExecutor-0] com.netflix.discovery.DiscoveryClient    : Getting all instance registry info from the eureka server
2021-10-18 19:53:30.622  INFO 13560 --- [DiscoveryClient-CacheRefreshExecutor-0] com.netflix.discovery.DiscoveryClient    : The response status is 200
2021-10-18 19:54:26.651  INFO 13560 --- [http-nio-auto-1-exec-2] c.a.p.a.a.i.c.AlbumsController           : Returning 2 albums
2021-10-18 19:58:00.225  INFO 13560 --- [AsyncResolver-bootstrap-executor-0] c.n.d.s.r.aws.ConfigClusterResolver      : Resolving eureka endpoints via configuration
2021-10-18 20:03:00.237  INFO 13560 --- [AsyncResolver-bootstrap-executor-0] c.n.d.s.r.aws.ConfigClusterResolver      : Resolving eureka endpoints via configuration
2021-10-18 20:08:00.247  INFO 13560 --- [AsyncResolver-bootstrap-executor-0] c.n.d.s.r.aws.ConfigClusterResolver      : Resolving eureka endpoints via configuration
2021-10-18 20:13:00.358  INFO 13560 --- [AsyncResolver-bootstrap-executor-0] c.n.d.s.r.aws.ConfigClusterResolver      : Resolving eureka endpoints via configuration
2021-10-18 20:18:00.522  INFO 13560 --- [AsyncResolver-bootstrap-executor-0] c.n.d.s.r.aws.ConfigClusterResolver      : Resolving eureka endpoints via configuration
2021-10-18 20:23:00.539  INFO 13560 --- [AsyncResolver-bootstrap-executor-0] c.n.d.s.r.aws.ConfigClusterResolver      : Resolving eureka endpoints via configuration
2021-10-18 20:28:00.540  INFO 13560 --- [AsyncResolver-bootstrap-executor-0] c.n.d.s.r.aws.ConfigClusterResolver      : Resolving eureka endpoints via configuration
2021-10-18 20:33:00.559  INFO 13560 --- [AsyncResolver-bootstrap-executor-0] c.n.d.s.r.aws.ConfigClusterResolver      : Resolving eureka endpoints via configuration
2021-10-18 20:38:00.568  INFO 13560 --- [AsyncResolver-bootstrap-executor-0] c.n.d.s.r.aws.ConfigClusterResolver      : Resolving eureka endpoints via configuration
2021-10-18 20:40:34.787  INFO 13560 --- [http-nio-auto-1-exec-4] c.a.p.a.a.i.c.AlbumsController           : Returning 2 albums
2021-10-18 20:43:00.582  INFO 13560 --- [AsyncResolver-bootstrap-executor-0] c.n.d.s.r.aws.ConfigClusterResolver      : Resolving eureka endpoints via configuration
2021-10-18 20:48:00.586  INFO 13560 --- [AsyncResolver-bootstrap-executor-0] c.n.d.s.r.aws.ConfigClusterResolver      : Resolving eureka endpoints via configuration
